<?xml version="1.0" encoding="UTF-8"?>
<testsuite name="org.example.Model.CellTest" tests="2" skipped="0" failures="0" errors="0" timestamp="2025-04-22T02:13:27" hostname="MacBook-Air-Miroslav.local" time="0.003">
  <properties/>
  <testcase name="getStatusTest()" classname="org.example.Model.CellTest" time="0.001"/>
  <testcase name="getColourTest()" classname="org.example.Model.CellTest" time="0.001"/>
  <system-out><![CDATA[]]></system-out>
  <system-err><![CDATA[]]></system-err>
</testsuite>
