<?xml version="1.0" encoding="UTF-8"?>
<testsuite name="org.example.Model.FigureFactoryTest" tests="2" skipped="0" failures="0" errors="0" timestamp="2025-04-22T02:13:27" hostname="MacBook-Air-Miroslav.local" time="0.006">
  <properties/>
  <testcase name="initListFigureTest()" classname="org.example.Model.FigureFactoryTest" time="0.002"/>
  <testcase name="createRandomFigureTest()" classname="org.example.Model.FigureFactoryTest" time="0.001"/>
  <system-out><![CDATA[]]></system-out>
  <system-err><![CDATA[]]></system-err>
</testsuite>
