<?xml version="1.0" encoding="UTF-8"?>
<testsuite name="org.example.Model.FigureTest" tests="7" skipped="0" failures="0" errors="0" timestamp="2025-04-22T02:13:27" hostname="MacBook-Air-Miroslav.local" time="0.016">
  <properties/>
  <testcase name="incrXTest()" classname="org.example.Model.FigureTest" time="0.002"/>
  <testcase name="incrYTest()" classname="org.example.Model.FigureTest" time="0.0"/>
  <testcase name="setGetMatrixTest()" classname="org.example.Model.FigureTest" time="0.002"/>
  <testcase name="copyTest()" classname="org.example.Model.FigureTest" time="0.002"/>
  <testcase name="rotateTest()" classname="org.example.Model.FigureTest" time="0.001"/>
  <testcase name="getCellTest()" classname="org.example.Model.FigureTest" time="0.001"/>
  <testcase name="changeColourTest()" classname="org.example.Model.FigureTest" time="0.001"/>
  <system-out><![CDATA[]]></system-out>
  <system-err><![CDATA[]]></system-err>
</testsuite>
