<?xml version="1.0" encoding="UTF-8"?>
<testsuite name="org.example.Format.FormaterTests" tests="1" skipped="0" failures="0" errors="0" timestamp="2025-02-17T16:09:12" hostname="MacBook-Air-Miroslav.local" time="0.001">
  <properties/>
  <testcase name="format_to_csv_test()" classname="org.example.Format.FormaterTests" time="0.001"/>
  <system-out><![CDATA[]]></system-out>
  <system-err><![CDATA[]]></system-err>
</testsuite>
