<?xml version="1.0" encoding="UTF-8"?>
<testsuite name="org.example.StatWords.WordStatTests" tests="4" skipped="0" failures="0" errors="0" timestamp="2025-02-17T16:09:12" hostname="MacBook-Air-Miroslav.local" time="0.003">
  <properties/>
  <testcase name="get_stat_test()" classname="org.example.StatWords.WordStatTests" time="0.0"/>
  <testcase name="add_word_test()" classname="org.example.StatWords.WordStatTests" time="0.0"/>
  <testcase name="get_counts_word_test()" classname="org.example.StatWords.WordStatTests" time="0.0"/>
  <testcase name="add_firstword_test()" classname="org.example.StatWords.WordStatTests" time="0.001"/>
  <system-out><![CDATA[]]></system-out>
  <system-err><![CDATA[]]></system-err>
</testsuite>
