<?xml version="1.0" encoding="UTF-8"?>
<testsuite name="org.example.Parser.StreamParserTests" tests="4" skipped="0" failures="0" errors="0" timestamp="2025-02-17T16:09:12" hostname="MacBook-Air-Miroslav.local" time="0.008">
  <properties/>
  <testcase name="parse_invalid_argument_test1()" classname="org.example.Parser.StreamParserTests" time="0.005"/>
  <testcase name="parse_invalid_argument_test2()" classname="org.example.Parser.StreamParserTests" time="0.0"/>
  <testcase name="parse_normal_argument_test()" classname="org.example.Parser.StreamParserTests" time="0.0"/>
  <testcase name="next_word_correct_test()" classname="org.example.Parser.StreamParserTests" time="0.0"/>
  <system-out><![CDATA[]]></system-out>
  <system-err><![CDATA[No file
Index 0 out of bounds for length 0
nofile.txt (No such file or directory)
]]></system-err>
</testsuite>
