<?xml version="1.0" encoding="UTF-8"?>
<testsuite name="org.example.Report.ReportGeneratorTests" tests="1" skipped="0" failures="0" errors="0" timestamp="2025-02-17T16:09:12" hostname="MacBook-Air-Miroslav.local" time="0.0">
  <properties/>
  <testcase name="map_to_list_test()" classname="org.example.Report.ReportGeneratorTests" time="0.0"/>
  <system-out><![CDATA[]]></system-out>
  <system-err><![CDATA[]]></system-err>
</testsuite>
