<?xml version="1.0" encoding="UTF-8"?>
<testsuite name="org.example.StatWords.CounterTests" tests="2" skipped="0" failures="0" errors="0" timestamp="2025-02-17T16:09:12" hostname="MacBook-Air-Miroslav.local" time="0.001">
  <properties/>
  <testcase name="get_count_default()" classname="org.example.StatWords.CounterTests" time="0.001"/>
  <testcase name="add_test()" classname="org.example.StatWords.CounterTests" time="0.0"/>
  <system-out><![CDATA[]]></system-out>
  <system-err><![CDATA[]]></system-err>
</testsuite>
