<?xml version="1.0" encoding="UTF-8"?>
<testsuite name="org.example.MainTests" tests="1" skipped="0" failures="0" errors="0" timestamp="2025-02-17T16:09:12" hostname="MacBook-Air-Miroslav.local" time="0.002">
  <properties/>
  <testcase name="main_test()" classname="org.example.MainTests" time="0.002"/>
  <system-out><![CDATA[]]></system-out>
  <system-err><![CDATA[]]></system-err>
</testsuite>
